Added Component: Designator=1117-1(SOT223-4L)
Added Component: Designator=1117-2(SOT223-4L)
Added Component: Designator=1117-3(SOT223-4L)
Added Component: Designator=1117-4(SOT223-4L)
Added Component: Designator=1117-5(SOT223-4L)
Added Pin To Net: NetName=GND Pin=1117-1-1
Added Pin To Net: NetName=V3-1 Pin=1117-1-2
Added Pin To Net: NetName=VCC Pin=1117-1-3
Added Pin To Net: NetName=GND Pin=1117-2-1
Added Pin To Net: NetName=V3-2 Pin=1117-2-2
Added Pin To Net: NetName=VCC Pin=1117-2-3
Added Pin To Net: NetName=GND Pin=1117-3-1
Added Pin To Net: NetName=V3-3 Pin=1117-3-2
Added Pin To Net: NetName=VCC Pin=1117-3-3
Added Pin To Net: NetName=GND Pin=1117-4-1
Added Pin To Net: NetName=V3-4 Pin=1117-4-2
Added Pin To Net: NetName=VCC Pin=1117-4-3
Added Pin To Net: NetName=GND Pin=1117-5-1
Added Pin To Net: NetName=V3-5 Pin=1117-5-2
Added Pin To Net: NetName=VCC Pin=1117-5-3
Added Member To Class: ClassName=DS1302 Member=Component 1117-1 POW-1
Added Member To Class: ClassName=DS1302 Member=Component 1117-2 POW-2
Added Member To Class: ClassName=DS1302 Member=Component 1117-3 POW-3
Added Member To Class: ClassName=DS1302 Member=Component 1117-4 POW-4
Added Member To Class: ClassName=DS1302 Member=Component 1117-5 POW-5
