Removed Pin From Net: NetName=VCC Pin=STC15F408AS-6
Removed Pin From Net: NetName=SHCP Pin=STC15F408AS-9
Removed Pin From Net: NetName=VCC Pin=U9-1
Removed Pin From Net: NetName=NetC1_2 Pin=U9-2
Removed Pin From Net: NetName=NetC2_2 Pin=U9-3
Removed Pin From Net: NetName=GND Pin=U9-4
Removed Pin From Net: NetName=DS1302RST Pin=U9-5
Removed Pin From Net: NetName=DS1302IO Pin=U9-6
Removed Pin From Net: NetName=DS1302CLK Pin=U9-7
Removed Pin From Net: NetName=VCC Pin=U9-8
Removed Member From Class: ClassName=DS1302 Member=U9
Removed Member From Class: ClassName=DS1302 Member=U9
Change Component Footprint: Designator=STC15F408AS Old Footprint=DIP-16 New Footprint=SOP20
Added Component: Designator=UCLOCK(DIP8)
Added Pin To Net: NetName=VCC Pin=UCLOCK-1
Added Pin To Net: NetName=NetC1_2 Pin=UCLOCK-2
Added Pin To Net: NetName=NetC2_2 Pin=UCLOCK-3
Added Pin To Net: NetName=GND Pin=UCLOCK-4
Added Pin To Net: NetName=DS1302RST Pin=UCLOCK-5
Added Pin To Net: NetName=DS1302IO Pin=UCLOCK-6
Added Pin To Net: NetName=DS1302CLK Pin=UCLOCK-7
Added Pin To Net: NetName=VCC Pin=UCLOCK-8
Added Member To Class: ClassName=DS1302 Member=Component UCLOCK DS1302
Removed Pin From Net: NetName=GND Pin=STC15F408AS-8
Added Pin To Net: NetName=VCC Pin=STC15F408AS-8
Removed Pin From Net: NetName=STCP Pin=STC15F408AS-10
Added Pin To Net: NetName=GND Pin=STC15F408AS-10
Removed Pin From Net: NetName=ROWD Pin=STC15F408AS-11
Added Pin To Net: NetName=SHCP Pin=STC15F408AS-11
Removed Pin From Net: NetName=COLD Pin=STC15F408AS-12
Added Pin To Net: NetName=STCP Pin=STC15F408AS-12
Removed Pin From Net: NetName=ROWBUTTON Pin=STC15F408AS-13
Added Pin To Net: NetName=ROWD Pin=STC15F408AS-13
Removed Pin From Net: NetName=COLUMNBUTTON Pin=STC15F408AS-14
Added Pin To Net: NetName=COLD Pin=STC15F408AS-14
