Added Component: Designator=1117-1(1117)
Added Component: Designator=1117-2(1117)
Added Component: Designator=1117-3(1117)
Added Component: Designator=1117-4(1117)
Added Component: Designator=1117-5(1117)
Added Component: Designator=C1(2012[0805])
Added Component: Designator=C2(2012[0805])
Added Component: Designator=C3(2012[0805])
Added Component: Designator=C4(2012[0805])
Added Component: Designator=C5(2012[0805])
Added Component: Designator=C6(2012[0805])
Added Component: Designator=C7(2012[0805])
Added Component: Designator=C8(2012[0805])
Added Component: Designator=DC005(DC005)
Added Component: Designator=LED8-8-1(LED8-8)
Added Component: Designator=LED8-8-2(LED8-8)
Added Component: Designator=LED8-8-3(LED8-8)
Added Component: Designator=LED8-8-4(LED8-8)
Added Component: Designator=LED8-8-5(LED8-8)
Added Component: Designator=LED8-8-6(LED8-8)
Added Component: Designator=LED8-8-7(LED8-8)
Added Component: Designator=LED8-8-9(LED8-8)
Added Component: Designator=LED8-8-10(LED8-8)
Added Component: Designator=LED8-8-11(LED8-8)
Added Component: Designator=LED8-8-12(LED8-8)
Added Component: Designator=LED8-8-13(LED8-8)
Added Component: Designator=LED8-8-14(LED8-8)
Added Component: Designator=LED8-8-15(LED8-8)
Added Component: Designator=LED8-8-16(LED8-8)
Added Component: Designator=LED8--8-8(LED8-8)
Added Component: Designator=R1(2012[0805])
Added Component: Designator=R2(2012[0805])
Added Component: Designator=S1(6332[2512])
Added Component: Designator=S2(6332[2512])
Added Component: Designator=STC15F408AS(DIP-16)
Added Component: Designator=U1(DIP-16)
Added Component: Designator=U2(DIP-16)
Added Component: Designator=U3(DIP-16)
Added Component: Designator=U4(DIP-16)
Added Component: Designator=U5(DIP-16)
Added Component: Designator=U6(DIP-16)
Added Component: Designator=U7(DIP-16)
Added Component: Designator=U8(DIP-16)
Added Component: Designator=Y1(R38)
Added Pin To Net: NetName=GND Pin=1117-1-1
Added Pin To Net: NetName=V3-1 Pin=1117-1-2
Added Pin To Net: NetName=VCC Pin=1117-1-3
Added Pin To Net: NetName=GND Pin=1117-2-1
Added Pin To Net: NetName=V3-2 Pin=1117-2-2
Added Pin To Net: NetName=VCC Pin=1117-2-3
Added Pin To Net: NetName=GND Pin=1117-3-1
Added Pin To Net: NetName=V3-3 Pin=1117-3-2
Added Pin To Net: NetName=VCC Pin=1117-3-3
Added Pin To Net: NetName=GND Pin=1117-4-1
Added Pin To Net: NetName=V3-4 Pin=1117-4-2
Added Pin To Net: NetName=VCC Pin=1117-4-3
Added Pin To Net: NetName=GND Pin=1117-5-1
Added Pin To Net: NetName=V3-5 Pin=1117-5-2
Added Pin To Net: NetName=VCC Pin=1117-5-3
Added Pin To Net: NetName=GND Pin=C1-1
Added Pin To Net: NetName=NetC1_2 Pin=C1-2
Added Pin To Net: NetName=GND Pin=C2-1
Added Pin To Net: NetName=NetC2_2 Pin=C2-2
Added Pin To Net: NetName=VCC Pin=C3-1
Added Pin To Net: NetName=GND Pin=C3-2
Added Pin To Net: NetName=V3-1 Pin=C4-1
Added Pin To Net: NetName=GND Pin=C4-2
Added Pin To Net: NetName=V3-2 Pin=C5-1
Added Pin To Net: NetName=GND Pin=C5-2
Added Pin To Net: NetName=V3-3 Pin=C6-1
Added Pin To Net: NetName=GND Pin=C6-2
Added Pin To Net: NetName=V3-4 Pin=C7-1
Added Pin To Net: NetName=GND Pin=C7-2
Added Pin To Net: NetName=V3-5 Pin=C8-1
Added Pin To Net: NetName=GND Pin=C8-2
Added Pin To Net: NetName=VCC Pin=DC005-1
Added Pin To Net: NetName=GND Pin=DC005-2
Added Pin To Net: NetName=GND Pin=DC005-3
Added Pin To Net: NetName=ROW1 Pin=LED8-8-1-1
Added Pin To Net: NetName=ROW2 Pin=LED8-8-1-2
Added Pin To Net: NetName=ROW3 Pin=LED8-8-1-3
Added Pin To Net: NetName=ROW4 Pin=LED8-8-1-4
Added Pin To Net: NetName=ROW5 Pin=LED8-8-1-5
Added Pin To Net: NetName=ROW6 Pin=LED8-8-1-6
Added Pin To Net: NetName=ROW7 Pin=LED8-8-1-7
Added Pin To Net: NetName=ROW8 Pin=LED8-8-1-8
Added Pin To Net: NetName=COL8 Pin=LED8-8-1-9
Added Pin To Net: NetName=COL7 Pin=LED8-8-1-10
Added Pin To Net: NetName=COL6 Pin=LED8-8-1-11
Added Pin To Net: NetName=COL5 Pin=LED8-8-1-12
Added Pin To Net: NetName=COL4 Pin=LED8-8-1-13
Added Pin To Net: NetName=COL3 Pin=LED8-8-1-14
Added Pin To Net: NetName=COL2 Pin=LED8-8-1-15
Added Pin To Net: NetName=COL1 Pin=LED8-8-1-16
Added Pin To Net: NetName=ROW1 Pin=LED8-8-2-1
Added Pin To Net: NetName=ROW2 Pin=LED8-8-2-2
Added Pin To Net: NetName=ROW3 Pin=LED8-8-2-3
Added Pin To Net: NetName=ROW4 Pin=LED8-8-2-4
Added Pin To Net: NetName=ROW5 Pin=LED8-8-2-5
Added Pin To Net: NetName=ROW6 Pin=LED8-8-2-6
Added Pin To Net: NetName=ROW7 Pin=LED8-8-2-7
Added Pin To Net: NetName=ROW8 Pin=LED8-8-2-8
Added Pin To Net: NetName=COL16 Pin=LED8-8-2-9
Added Pin To Net: NetName=COL15 Pin=LED8-8-2-10
Added Pin To Net: NetName=COL14 Pin=LED8-8-2-11
Added Pin To Net: NetName=COL13 Pin=LED8-8-2-12
Added Pin To Net: NetName=COL12 Pin=LED8-8-2-13
Added Pin To Net: NetName=COL11 Pin=LED8-8-2-14
Added Pin To Net: NetName=COL10 Pin=LED8-8-2-15
Added Pin To Net: NetName=COL9 Pin=LED8-8-2-16
Added Pin To Net: NetName=ROW1 Pin=LED8-8-3-1
Added Pin To Net: NetName=ROW2 Pin=LED8-8-3-2
Added Pin To Net: NetName=ROW3 Pin=LED8-8-3-3
Added Pin To Net: NetName=ROW4 Pin=LED8-8-3-4
Added Pin To Net: NetName=ROW5 Pin=LED8-8-3-5
Added Pin To Net: NetName=ROW6 Pin=LED8-8-3-6
Added Pin To Net: NetName=ROW7 Pin=LED8-8-3-7
Added Pin To Net: NetName=ROW8 Pin=LED8-8-3-8
Added Pin To Net: NetName=COL24 Pin=LED8-8-3-9
Added Pin To Net: NetName=COL23 Pin=LED8-8-3-10
Added Pin To Net: NetName=COL22 Pin=LED8-8-3-11
Added Pin To Net: NetName=COL21 Pin=LED8-8-3-12
Added Pin To Net: NetName=COL20 Pin=LED8-8-3-13
Added Pin To Net: NetName=COL19 Pin=LED8-8-3-14
Added Pin To Net: NetName=COL18 Pin=LED8-8-3-15
Added Pin To Net: NetName=COL17 Pin=LED8-8-3-16
Added Pin To Net: NetName=ROW1 Pin=LED8-8-4-1
Added Pin To Net: NetName=ROW2 Pin=LED8-8-4-2
Added Pin To Net: NetName=ROW3 Pin=LED8-8-4-3
Added Pin To Net: NetName=ROW4 Pin=LED8-8-4-4
Added Pin To Net: NetName=ROW5 Pin=LED8-8-4-5
Added Pin To Net: NetName=ROW6 Pin=LED8-8-4-6
Added Pin To Net: NetName=ROW7 Pin=LED8-8-4-7
Added Pin To Net: NetName=ROW8 Pin=LED8-8-4-8
Added Pin To Net: NetName=COL32 Pin=LED8-8-4-9
Added Pin To Net: NetName=COL31 Pin=LED8-8-4-10
Added Pin To Net: NetName=COL30 Pin=LED8-8-4-11
Added Pin To Net: NetName=COL29 Pin=LED8-8-4-12
Added Pin To Net: NetName=COL28 Pin=LED8-8-4-13
Added Pin To Net: NetName=COL27 Pin=LED8-8-4-14
Added Pin To Net: NetName=COL26 Pin=LED8-8-4-15
Added Pin To Net: NetName=COL25 Pin=LED8-8-4-16
Added Pin To Net: NetName=ROW9 Pin=LED8-8-5-1
Added Pin To Net: NetName=ROW10 Pin=LED8-8-5-2
Added Pin To Net: NetName=ROW11 Pin=LED8-8-5-3
Added Pin To Net: NetName=ROW12 Pin=LED8-8-5-4
Added Pin To Net: NetName=ROW13 Pin=LED8-8-5-5
Added Pin To Net: NetName=ROW14 Pin=LED8-8-5-6
Added Pin To Net: NetName=ROW15 Pin=LED8-8-5-7
Added Pin To Net: NetName=ROW16 Pin=LED8-8-5-8
Added Pin To Net: NetName=COL8 Pin=LED8-8-5-9
Added Pin To Net: NetName=COL7 Pin=LED8-8-5-10
Added Pin To Net: NetName=COL6 Pin=LED8-8-5-11
Added Pin To Net: NetName=COL5 Pin=LED8-8-5-12
Added Pin To Net: NetName=COL4 Pin=LED8-8-5-13
Added Pin To Net: NetName=COL3 Pin=LED8-8-5-14
Added Pin To Net: NetName=COL2 Pin=LED8-8-5-15
Added Pin To Net: NetName=COL1 Pin=LED8-8-5-16
Added Pin To Net: NetName=ROW9 Pin=LED8-8-6-1
Added Pin To Net: NetName=ROW10 Pin=LED8-8-6-2
Added Pin To Net: NetName=ROW11 Pin=LED8-8-6-3
Added Pin To Net: NetName=ROW12 Pin=LED8-8-6-4
Added Pin To Net: NetName=ROW13 Pin=LED8-8-6-5
Added Pin To Net: NetName=ROW14 Pin=LED8-8-6-6
Added Pin To Net: NetName=ROW15 Pin=LED8-8-6-7
Added Pin To Net: NetName=ROW16 Pin=LED8-8-6-8
Added Pin To Net: NetName=COL16 Pin=LED8-8-6-9
Added Pin To Net: NetName=COL15 Pin=LED8-8-6-10
Added Pin To Net: NetName=COL14 Pin=LED8-8-6-11
Added Pin To Net: NetName=COL13 Pin=LED8-8-6-12
Added Pin To Net: NetName=COL12 Pin=LED8-8-6-13
Added Pin To Net: NetName=COL11 Pin=LED8-8-6-14
Added Pin To Net: NetName=COL10 Pin=LED8-8-6-15
Added Pin To Net: NetName=COL9 Pin=LED8-8-6-16
Added Pin To Net: NetName=ROW9 Pin=LED8-8-7-1
Added Pin To Net: NetName=ROW10 Pin=LED8-8-7-2
Added Pin To Net: NetName=ROW11 Pin=LED8-8-7-3
Added Pin To Net: NetName=ROW12 Pin=LED8-8-7-4
Added Pin To Net: NetName=ROW13 Pin=LED8-8-7-5
Added Pin To Net: NetName=ROW14 Pin=LED8-8-7-6
Added Pin To Net: NetName=ROW15 Pin=LED8-8-7-7
Added Pin To Net: NetName=ROW16 Pin=LED8-8-7-8
Added Pin To Net: NetName=COL24 Pin=LED8-8-7-9
Added Pin To Net: NetName=COL23 Pin=LED8-8-7-10
Added Pin To Net: NetName=COL22 Pin=LED8-8-7-11
Added Pin To Net: NetName=COL21 Pin=LED8-8-7-12
Added Pin To Net: NetName=COL20 Pin=LED8-8-7-13
Added Pin To Net: NetName=COL19 Pin=LED8-8-7-14
Added Pin To Net: NetName=COL18 Pin=LED8-8-7-15
Added Pin To Net: NetName=COL17 Pin=LED8-8-7-16
Added Pin To Net: NetName=ROW17 Pin=LED8-8-9-1
Added Pin To Net: NetName=ROW18 Pin=LED8-8-9-2
Added Pin To Net: NetName=ROW19 Pin=LED8-8-9-3
Added Pin To Net: NetName=ROW20 Pin=LED8-8-9-4
Added Pin To Net: NetName=ROW21 Pin=LED8-8-9-5
Added Pin To Net: NetName=ROW22 Pin=LED8-8-9-6
Added Pin To Net: NetName=ROW23 Pin=LED8-8-9-7
Added Pin To Net: NetName=ROW24 Pin=LED8-8-9-8
Added Pin To Net: NetName=COL8 Pin=LED8-8-9-9
Added Pin To Net: NetName=COL7 Pin=LED8-8-9-10
Added Pin To Net: NetName=COL6 Pin=LED8-8-9-11
Added Pin To Net: NetName=COL5 Pin=LED8-8-9-12
Added Pin To Net: NetName=COL4 Pin=LED8-8-9-13
Added Pin To Net: NetName=COL3 Pin=LED8-8-9-14
Added Pin To Net: NetName=COL2 Pin=LED8-8-9-15
Added Pin To Net: NetName=COL1 Pin=LED8-8-9-16
Added Pin To Net: NetName=ROW17 Pin=LED8-8-10-1
Added Pin To Net: NetName=ROW18 Pin=LED8-8-10-2
Added Pin To Net: NetName=ROW19 Pin=LED8-8-10-3
Added Pin To Net: NetName=ROW20 Pin=LED8-8-10-4
Added Pin To Net: NetName=ROW21 Pin=LED8-8-10-5
Added Pin To Net: NetName=ROW22 Pin=LED8-8-10-6
Added Pin To Net: NetName=ROW23 Pin=LED8-8-10-7
Added Pin To Net: NetName=ROW24 Pin=LED8-8-10-8
Added Pin To Net: NetName=COL16 Pin=LED8-8-10-9
Added Pin To Net: NetName=COL15 Pin=LED8-8-10-10
Added Pin To Net: NetName=COL14 Pin=LED8-8-10-11
Added Pin To Net: NetName=COL13 Pin=LED8-8-10-12
Added Pin To Net: NetName=COL12 Pin=LED8-8-10-13
Added Pin To Net: NetName=COL11 Pin=LED8-8-10-14
Added Pin To Net: NetName=COL10 Pin=LED8-8-10-15
Added Pin To Net: NetName=COL9 Pin=LED8-8-10-16
Added Pin To Net: NetName=ROW17 Pin=LED8-8-11-1
Added Pin To Net: NetName=ROW18 Pin=LED8-8-11-2
Added Pin To Net: NetName=ROW19 Pin=LED8-8-11-3
Added Pin To Net: NetName=ROW20 Pin=LED8-8-11-4
Added Pin To Net: NetName=ROW21 Pin=LED8-8-11-5
Added Pin To Net: NetName=ROW22 Pin=LED8-8-11-6
Added Pin To Net: NetName=ROW23 Pin=LED8-8-11-7
Added Pin To Net: NetName=ROW24 Pin=LED8-8-11-8
Added Pin To Net: NetName=COL24 Pin=LED8-8-11-9
Added Pin To Net: NetName=COL23 Pin=LED8-8-11-10
Added Pin To Net: NetName=COL22 Pin=LED8-8-11-11
Added Pin To Net: NetName=COL21 Pin=LED8-8-11-12
Added Pin To Net: NetName=COL20 Pin=LED8-8-11-13
Added Pin To Net: NetName=COL19 Pin=LED8-8-11-14
Added Pin To Net: NetName=COL18 Pin=LED8-8-11-15
Added Pin To Net: NetName=COL17 Pin=LED8-8-11-16
Added Pin To Net: NetName=ROW17 Pin=LED8-8-12-1
Added Pin To Net: NetName=ROW18 Pin=LED8-8-12-2
Added Pin To Net: NetName=ROW19 Pin=LED8-8-12-3
Added Pin To Net: NetName=ROW20 Pin=LED8-8-12-4
Added Pin To Net: NetName=ROW21 Pin=LED8-8-12-5
Added Pin To Net: NetName=ROW22 Pin=LED8-8-12-6
Added Pin To Net: NetName=ROW23 Pin=LED8-8-12-7
Added Pin To Net: NetName=ROW24 Pin=LED8-8-12-8
Added Pin To Net: NetName=COL32 Pin=LED8-8-12-9
Added Pin To Net: NetName=COL31 Pin=LED8-8-12-10
Added Pin To Net: NetName=COL30 Pin=LED8-8-12-11
Added Pin To Net: NetName=COL29 Pin=LED8-8-12-12
Added Pin To Net: NetName=COL28 Pin=LED8-8-12-13
Added Pin To Net: NetName=COL27 Pin=LED8-8-12-14
Added Pin To Net: NetName=COL26 Pin=LED8-8-12-15
Added Pin To Net: NetName=COL25 Pin=LED8-8-12-16
Added Pin To Net: NetName=ROW25 Pin=LED8-8-13-1
Added Pin To Net: NetName=ROW26 Pin=LED8-8-13-2
Added Pin To Net: NetName=ROW27 Pin=LED8-8-13-3
Added Pin To Net: NetName=ROW28 Pin=LED8-8-13-4
Added Pin To Net: NetName=ROW29 Pin=LED8-8-13-5
Added Pin To Net: NetName=ROW30 Pin=LED8-8-13-6
Added Pin To Net: NetName=ROW31 Pin=LED8-8-13-7
Added Pin To Net: NetName=ROW32 Pin=LED8-8-13-8
Added Pin To Net: NetName=COL8 Pin=LED8-8-13-9
Added Pin To Net: NetName=COL7 Pin=LED8-8-13-10
Added Pin To Net: NetName=COL6 Pin=LED8-8-13-11
Added Pin To Net: NetName=COL5 Pin=LED8-8-13-12
Added Pin To Net: NetName=COL4 Pin=LED8-8-13-13
Added Pin To Net: NetName=COL3 Pin=LED8-8-13-14
Added Pin To Net: NetName=COL2 Pin=LED8-8-13-15
Added Pin To Net: NetName=COL1 Pin=LED8-8-13-16
Added Pin To Net: NetName=ROW25 Pin=LED8-8-14-1
Added Pin To Net: NetName=ROW26 Pin=LED8-8-14-2
Added Pin To Net: NetName=ROW27 Pin=LED8-8-14-3
Added Pin To Net: NetName=ROW28 Pin=LED8-8-14-4
Added Pin To Net: NetName=ROW29 Pin=LED8-8-14-5
Added Pin To Net: NetName=ROW30 Pin=LED8-8-14-6
Added Pin To Net: NetName=ROW31 Pin=LED8-8-14-7
Added Pin To Net: NetName=ROW32 Pin=LED8-8-14-8
Added Pin To Net: NetName=COL16 Pin=LED8-8-14-9
Added Pin To Net: NetName=COL15 Pin=LED8-8-14-10
Added Pin To Net: NetName=COL14 Pin=LED8-8-14-11
Added Pin To Net: NetName=COL13 Pin=LED8-8-14-12
Added Pin To Net: NetName=COL12 Pin=LED8-8-14-13
Added Pin To Net: NetName=COL11 Pin=LED8-8-14-14
Added Pin To Net: NetName=COL10 Pin=LED8-8-14-15
Added Pin To Net: NetName=COL9 Pin=LED8-8-14-16
Added Pin To Net: NetName=ROW25 Pin=LED8-8-15-1
Added Pin To Net: NetName=ROW26 Pin=LED8-8-15-2
Added Pin To Net: NetName=ROW27 Pin=LED8-8-15-3
Added Pin To Net: NetName=ROW28 Pin=LED8-8-15-4
Added Pin To Net: NetName=ROW29 Pin=LED8-8-15-5
Added Pin To Net: NetName=ROW30 Pin=LED8-8-15-6
Added Pin To Net: NetName=ROW31 Pin=LED8-8-15-7
Added Pin To Net: NetName=ROW32 Pin=LED8-8-15-8
Added Pin To Net: NetName=COL24 Pin=LED8-8-15-9
Added Pin To Net: NetName=COL23 Pin=LED8-8-15-10
Added Pin To Net: NetName=COL22 Pin=LED8-8-15-11
Added Pin To Net: NetName=COL21 Pin=LED8-8-15-12
Added Pin To Net: NetName=COL20 Pin=LED8-8-15-13
Added Pin To Net: NetName=COL19 Pin=LED8-8-15-14
Added Pin To Net: NetName=COL18 Pin=LED8-8-15-15
Added Pin To Net: NetName=COL17 Pin=LED8-8-15-16
Added Pin To Net: NetName=ROW25 Pin=LED8-8-16-1
Added Pin To Net: NetName=ROW26 Pin=LED8-8-16-2
Added Pin To Net: NetName=ROW27 Pin=LED8-8-16-3
Added Pin To Net: NetName=ROW28 Pin=LED8-8-16-4
Added Pin To Net: NetName=ROW29 Pin=LED8-8-16-5
Added Pin To Net: NetName=ROW30 Pin=LED8-8-16-6
Added Pin To Net: NetName=ROW31 Pin=LED8-8-16-7
Added Pin To Net: NetName=ROW32 Pin=LED8-8-16-8
Added Pin To Net: NetName=COL32 Pin=LED8-8-16-9
Added Pin To Net: NetName=COL31 Pin=LED8-8-16-10
Added Pin To Net: NetName=COL30 Pin=LED8-8-16-11
Added Pin To Net: NetName=COL29 Pin=LED8-8-16-12
Added Pin To Net: NetName=COL28 Pin=LED8-8-16-13
Added Pin To Net: NetName=COL27 Pin=LED8-8-16-14
Added Pin To Net: NetName=COL26 Pin=LED8-8-16-15
Added Pin To Net: NetName=COL25 Pin=LED8-8-16-16
Added Pin To Net: NetName=ROW9 Pin=LED8--8-8-1
Added Pin To Net: NetName=ROW10 Pin=LED8--8-8-2
Added Pin To Net: NetName=ROW11 Pin=LED8--8-8-3
Added Pin To Net: NetName=ROW12 Pin=LED8--8-8-4
Added Pin To Net: NetName=ROW13 Pin=LED8--8-8-5
Added Pin To Net: NetName=ROW14 Pin=LED8--8-8-6
Added Pin To Net: NetName=ROW15 Pin=LED8--8-8-7
Added Pin To Net: NetName=ROW16 Pin=LED8--8-8-8
Added Pin To Net: NetName=COL32 Pin=LED8--8-8-9
Added Pin To Net: NetName=COL31 Pin=LED8--8-8-10
Added Pin To Net: NetName=COL30 Pin=LED8--8-8-11
Added Pin To Net: NetName=COL29 Pin=LED8--8-8-12
Added Pin To Net: NetName=COL28 Pin=LED8--8-8-13
Added Pin To Net: NetName=COL27 Pin=LED8--8-8-14
Added Pin To Net: NetName=COL26 Pin=LED8--8-8-15
Added Pin To Net: NetName=COL25 Pin=LED8--8-8-16
Added Pin To Net: NetName=NetR1_1 Pin=R1-1
Added Pin To Net: NetName=NetR1_2 Pin=R1-2
Added Pin To Net: NetName=NetR1_1 Pin=R2-1
Added Pin To Net: NetName=NetR2_2 Pin=R2-2
Added Pin To Net: NetName=NetR1_2 Pin=S1-1
Added Pin To Net: NetName=COLUMNBUTTON Pin=S1-2
Added Pin To Net: NetName=NetR2_2 Pin=S2-1
Added Pin To Net: NetName=ROWBUTTON Pin=S2-2
Added Pin To Net: NetName=DS1302RST Pin=STC15F408AS-1
Added Pin To Net: NetName=DS1302CLK Pin=STC15F408AS-2
Added Pin To Net: NetName=DS1302IO Pin=STC15F408AS-3
Added Pin To Net: NetName=VCC Pin=STC15F408AS-6
Added Pin To Net: NetName=GND Pin=STC15F408AS-8
Added Pin To Net: NetName=SHCP Pin=STC15F408AS-9
Added Pin To Net: NetName=STCP Pin=STC15F408AS-10
Added Pin To Net: NetName=ROWD Pin=STC15F408AS-11
Added Pin To Net: NetName=COLD Pin=STC15F408AS-12
Added Pin To Net: NetName=ROWBUTTON Pin=STC15F408AS-13
Added Pin To Net: NetName=COLUMNBUTTON Pin=STC15F408AS-14
Added Pin To Net: NetName=ROW7 Pin=U1-1
Added Pin To Net: NetName=ROW6 Pin=U1-2
Added Pin To Net: NetName=ROW5 Pin=U1-3
Added Pin To Net: NetName=ROW4 Pin=U1-4
Added Pin To Net: NetName=ROW3 Pin=U1-5
Added Pin To Net: NetName=ROW2 Pin=U1-6
Added Pin To Net: NetName=ROW1 Pin=U1-7
Added Pin To Net: NetName=GND Pin=U1-8
Added Pin To Net: NetName=NetU1_9 Pin=U1-9
Added Pin To Net: NetName=V3-2 Pin=U1-10
Added Pin To Net: NetName=SHCP Pin=U1-11
Added Pin To Net: NetName=STCP Pin=U1-12
Added Pin To Net: NetName=GND Pin=U1-13
Added Pin To Net: NetName=ROWD Pin=U1-14
Added Pin To Net: NetName=ROW8 Pin=U1-15
Added Pin To Net: NetName=V3-2 Pin=U1-16
Added Pin To Net: NetName=ROW15 Pin=U2-1
Added Pin To Net: NetName=ROW14 Pin=U2-2
Added Pin To Net: NetName=ROW13 Pin=U2-3
Added Pin To Net: NetName=ROW12 Pin=U2-4
Added Pin To Net: NetName=ROW11 Pin=U2-5
Added Pin To Net: NetName=ROW10 Pin=U2-6
Added Pin To Net: NetName=ROW9 Pin=U2-7
Added Pin To Net: NetName=GND Pin=U2-8
Added Pin To Net: NetName=NetU2_9 Pin=U2-9
Added Pin To Net: NetName=V3-3 Pin=U2-10
Added Pin To Net: NetName=SHCP Pin=U2-11
Added Pin To Net: NetName=STCP Pin=U2-12
Added Pin To Net: NetName=GND Pin=U2-13
Added Pin To Net: NetName=NetU1_9 Pin=U2-14
Added Pin To Net: NetName=ROW16 Pin=U2-15
Added Pin To Net: NetName=V3-3 Pin=U2-16
Added Pin To Net: NetName=ROW23 Pin=U3-1
Added Pin To Net: NetName=ROW22 Pin=U3-2
Added Pin To Net: NetName=ROW21 Pin=U3-3
Added Pin To Net: NetName=ROW20 Pin=U3-4
Added Pin To Net: NetName=ROW19 Pin=U3-5
Added Pin To Net: NetName=ROW18 Pin=U3-6
Added Pin To Net: NetName=ROW17 Pin=U3-7
Added Pin To Net: NetName=GND Pin=U3-8
Added Pin To Net: NetName=NetU3_9 Pin=U3-9
Added Pin To Net: NetName=V3-4 Pin=U3-10
Added Pin To Net: NetName=SHCP Pin=U3-11
Added Pin To Net: NetName=STCP Pin=U3-12
Added Pin To Net: NetName=GND Pin=U3-13
Added Pin To Net: NetName=NetU2_9 Pin=U3-14
Added Pin To Net: NetName=ROW24 Pin=U3-15
Added Pin To Net: NetName=V3-4 Pin=U3-16
Added Pin To Net: NetName=ROW31 Pin=U4-1
Added Pin To Net: NetName=ROW30 Pin=U4-2
Added Pin To Net: NetName=ROW29 Pin=U4-3
Added Pin To Net: NetName=ROW28 Pin=U4-4
Added Pin To Net: NetName=ROW27 Pin=U4-5
Added Pin To Net: NetName=ROW26 Pin=U4-6
Added Pin To Net: NetName=ROW25 Pin=U4-7
Added Pin To Net: NetName=GND Pin=U4-8
Added Pin To Net: NetName=V3-5 Pin=U4-10
Added Pin To Net: NetName=SHCP Pin=U4-11
Added Pin To Net: NetName=STCP Pin=U4-12
Added Pin To Net: NetName=GND Pin=U4-13
Added Pin To Net: NetName=NetU3_9 Pin=U4-14
Added Pin To Net: NetName=ROW32 Pin=U4-15
Added Pin To Net: NetName=V3-5 Pin=U4-16
Added Pin To Net: NetName=COL2 Pin=U5-1
Added Pin To Net: NetName=COL3 Pin=U5-2
Added Pin To Net: NetName=COL4 Pin=U5-3
Added Pin To Net: NetName=COL5 Pin=U5-4
Added Pin To Net: NetName=COL6 Pin=U5-5
Added Pin To Net: NetName=COL7 Pin=U5-6
Added Pin To Net: NetName=COL8 Pin=U5-7
Added Pin To Net: NetName=GND Pin=U5-8
Added Pin To Net: NetName=NetU5_9 Pin=U5-9
Added Pin To Net: NetName=V3-1 Pin=U5-10
Added Pin To Net: NetName=SHCP Pin=U5-11
Added Pin To Net: NetName=STCP Pin=U5-12
Added Pin To Net: NetName=GND Pin=U5-13
Added Pin To Net: NetName=COLD Pin=U5-14
Added Pin To Net: NetName=COL1 Pin=U5-15
Added Pin To Net: NetName=V3-1 Pin=U5-16
Added Pin To Net: NetName=COL10 Pin=U6-1
Added Pin To Net: NetName=COL11 Pin=U6-2
Added Pin To Net: NetName=COL12 Pin=U6-3
Added Pin To Net: NetName=COL13 Pin=U6-4
Added Pin To Net: NetName=COL14 Pin=U6-5
Added Pin To Net: NetName=COL15 Pin=U6-6
Added Pin To Net: NetName=COL16 Pin=U6-7
Added Pin To Net: NetName=GND Pin=U6-8
Added Pin To Net: NetName=NetU6_9 Pin=U6-9
Added Pin To Net: NetName=V3-1 Pin=U6-10
Added Pin To Net: NetName=SHCP Pin=U6-11
Added Pin To Net: NetName=STCP Pin=U6-12
Added Pin To Net: NetName=GND Pin=U6-13
Added Pin To Net: NetName=NetU5_9 Pin=U6-14
Added Pin To Net: NetName=COL9 Pin=U6-15
Added Pin To Net: NetName=V3-1 Pin=U6-16
Added Pin To Net: NetName=COL18 Pin=U7-1
Added Pin To Net: NetName=COL19 Pin=U7-2
Added Pin To Net: NetName=COL20 Pin=U7-3
Added Pin To Net: NetName=COL21 Pin=U7-4
Added Pin To Net: NetName=COL22 Pin=U7-5
Added Pin To Net: NetName=COL23 Pin=U7-6
Added Pin To Net: NetName=COL24 Pin=U7-7
Added Pin To Net: NetName=GND Pin=U7-8
Added Pin To Net: NetName=NetU7_9 Pin=U7-9
Added Pin To Net: NetName=V3-1 Pin=U7-10
Added Pin To Net: NetName=SHCP Pin=U7-11
Added Pin To Net: NetName=STCP Pin=U7-12
Added Pin To Net: NetName=GND Pin=U7-13
Added Pin To Net: NetName=NetU6_9 Pin=U7-14
Added Pin To Net: NetName=COL17 Pin=U7-15
Added Pin To Net: NetName=V3-1 Pin=U7-16
Added Pin To Net: NetName=COL26 Pin=U8-1
Added Pin To Net: NetName=COL27 Pin=U8-2
Added Pin To Net: NetName=COL28 Pin=U8-3
Added Pin To Net: NetName=COL29 Pin=U8-4
Added Pin To Net: NetName=COL30 Pin=U8-5
Added Pin To Net: NetName=COL31 Pin=U8-6
Added Pin To Net: NetName=COL32 Pin=U8-7
Added Pin To Net: NetName=GND Pin=U8-8
Added Pin To Net: NetName=V3-1 Pin=U8-10
Added Pin To Net: NetName=SHCP Pin=U8-11
Added Pin To Net: NetName=STCP Pin=U8-12
Added Pin To Net: NetName=GND Pin=U8-13
Added Pin To Net: NetName=NetU7_9 Pin=U8-14
Added Pin To Net: NetName=COL25 Pin=U8-15
Added Pin To Net: NetName=V3-1 Pin=U8-16
Added Pin To Net: NetName=NetC2_2 Pin=Y1-1
Added Pin To Net: NetName=NetC1_2 Pin=Y1-2
Added Member To Class: ClassName=DS1302 Member=Component 1117-1 POW-1
Added Member To Class: ClassName=DS1302 Member=Component 1117-2 POW-2
Added Member To Class: ClassName=DS1302 Member=Component 1117-3 POW-3
Added Member To Class: ClassName=DS1302 Member=Component 1117-4 POW-4
Added Member To Class: ClassName=DS1302 Member=Component 1117-5 POW-5
Added Member To Class: ClassName=DS1302 Member=Component C1 Cap Semi
Added Member To Class: ClassName=DS1302 Member=Component C2 Cap Semi
Added Member To Class: ClassName=DS1302 Member=Component C3 Cap Semi
Added Member To Class: ClassName=DS1302 Member=Component C4 Cap Semi
Added Member To Class: ClassName=DS1302 Member=Component C5 Cap Semi
Added Member To Class: ClassName=DS1302 Member=Component C6 Cap Semi
Added Member To Class: ClassName=DS1302 Member=Component C7 Cap Semi
Added Member To Class: ClassName=DS1302 Member=Component C8 Cap Semi
Added Member To Class: ClassName=DS1302 Member=Component DC005
Added Member To Class: ClassName=DS1302 Member=Component LED8-8-1 LED1
Added Member To Class: ClassName=DS1302 Member=Component LED8-8-2 LED2
Added Member To Class: ClassName=DS1302 Member=Component LED8-8-3 LED3
Added Member To Class: ClassName=DS1302 Member=Component LED8-8-4 LED4
Added Member To Class: ClassName=DS1302 Member=Component LED8-8-5 LED5
Added Member To Class: ClassName=DS1302 Member=Component LED8-8-6 LED6
Added Member To Class: ClassName=DS1302 Member=Component LED8-8-7 LED7
Added Member To Class: ClassName=DS1302 Member=Component LED8-8-9 LED9
Added Member To Class: ClassName=DS1302 Member=Component LED8-8-10 LED10
Added Member To Class: ClassName=DS1302 Member=Component LED8-8-11 LED11
Added Member To Class: ClassName=DS1302 Member=Component LED8-8-12 LED12
Added Member To Class: ClassName=DS1302 Member=Component LED8-8-13 LED13
Added Member To Class: ClassName=DS1302 Member=Component LED8-8-14 LED14
Added Member To Class: ClassName=DS1302 Member=Component LED8-8-15 LED15
Added Member To Class: ClassName=DS1302 Member=Component LED8-8-16 LED16
Added Member To Class: ClassName=DS1302 Member=Component LED8--8-8 LED8
Added Member To Class: ClassName=DS1302 Member=Component R1 Res3
Added Member To Class: ClassName=DS1302 Member=Component R2 Res3
Added Member To Class: ClassName=DS1302 Member=Component S1 SW-PB
Added Member To Class: ClassName=DS1302 Member=Component S2 SW-PB
Added Member To Class: ClassName=DS1302 Member=Component STC15F408AS SCM
Added Member To Class: ClassName=DS1302 Member=Component U1 M74HC595B1R
Added Member To Class: ClassName=DS1302 Member=Component U2 M74HC595B1R
Added Member To Class: ClassName=DS1302 Member=Component U3 M74HC595B1R
Added Member To Class: ClassName=DS1302 Member=Component U4 M74HC595B1R
Added Member To Class: ClassName=DS1302 Member=Component U5 M74HC595B1R
Added Member To Class: ClassName=DS1302 Member=Component U6 M74HC595B1R
Added Member To Class: ClassName=DS1302 Member=Component U7 M74HC595B1R
Added Member To Class: ClassName=DS1302 Member=Component U8 M74HC595B1R
Added Member To Class: ClassName=DS1302 Member=Component Y1 XTAL
Added Room: Name=DS1302
