C51 COMPILER V8.06   DELAY                                                                 02/05/2018 13:01:12 PAGE 1   


C51 COMPILER V8.06, COMPILATION OF MODULE DELAY
OBJECT MODULE PLACED IN delay.OBJ
COMPILER INVOKED BY: C:\Keil\C51\BIN\C51.EXE delay.c BROWSE DEBUG OBJECTEXTEND

line level    source

   1          #include"head.h"
   2          
   3          /**************************************
   4          —” ±XŒ¢√Î(STC15F104W@11.0592M)
   5          **************************************/
   6          
   7          
   8           /*
   9          void Delay10us()                //@11.0592MHz
  10          {
  11                  unsigned char i;
  12          
  13                  _nop_();
  14                  i = 25;
  15                  while (--i);
  16          }
  17          
  18                           */
  19          void Delay40us()                //@11.0592MHz
  20          {
  21   1              unsigned char i;
  22   1              WDT_CONTR = WDT;
  23   1              i = 108;
  24   1              while (--i);
  25   1      }
  26          
  27          void Delay10ms()
  28          {
  29   1              uchar i=250;
  30   1              while(i--)
  31   1              {
  32   2                      Delay40us();
  33   2              }
  34   1      }
  35          
  36          
  37          void Delay1s()          //@11.0592MHz
  38          {
  39   1              unsigned char i, j, k;
  40   1              WDT_CONTR = WDT;
  41   1              _nop_();
  42   1              _nop_();
  43   1              i = 43;
  44   1              j = 6;
  45   1              k = 203;
  46   1              do
  47   1              {
  48   2                      do
  49   2                      {
  50   3                              while (--k);
  51   3                      } while (--j);
  52   2              } while (--i);
  53   1      }


C51 COMPILER V8.06   DELAY                                                                 02/05/2018 13:01:12 PAGE 2   

MODULE INFORMATION:   STATIC OVERLAYABLE
   CODE SIZE        =     40    ----
   CONSTANT SIZE    =   ----    ----
   XDATA SIZE       =   ----    ----
   PDATA SIZE       =   ----    ----
   DATA SIZE        =   ----    ----
   IDATA SIZE       =   ----    ----
   BIT SIZE         =   ----    ----
END OF MODULE INFORMATION.


C51 COMPILATION COMPLETE.  0 WARNING(S),  0 ERROR(S)
