C51 COMPILER V8.06   LED                                                                   02/05/2018 13:01:12 PAGE 1   


C51 COMPILER V8.06, COMPILATION OF MODULE LED
OBJECT MODULE PLACED IN led.OBJ
COMPILER INVOKED BY: C:\Keil\C51\BIN\C51.EXE led.c BROWSE DEBUG OBJECTEXTEND

line level    source

   1          #include"head.h"
   2          
   3          
   4          void select(ul row,ul column) //注意row需要取反
   5          {
   6   1              int i;
   7   1              row = ~row;
   8   1              for(i=7;i>=0;i--)
   9   1              {
  10   2      
  11   2                      ROW0D=(row>>i)&0x01;
  12   2                      COL0D=(column>>i)&0x01;
  13   2                      ROW1D=(row>>(i+8))&0x01;
  14   2                      COL1D=(column>>(i+8))&0x01;
  15   2                      ROW2D=(row>>(i+16))&0x01;
  16   2                      COL2D=(column>>(i+16))&0x01;
  17   2                      ROW3D=(row>>(i+24))&0x01;
  18   2                      COL3D=(column>>(i+24))&0x01;
  19   2                      SHCP=0;
  20   2                      nop();
  21   2                      SHCP=1;
  22   2              }
  23   1              STCP=0;
  24   1              nop();
  25   1              nop();
  26   1              STCP=1;
  27   1      }
  28          //显示设置
  29          
  30          void show(uint signalMonth)     //每次显示8行
  31          {
  32   1              uchar row,column,i;
  33   1              ul rlist=0,clist = 0;
  34   1              uint myMonth;
  35   1              myMonth = signalMonth;
  36   1              //row,column设置
  37   1              row = myMonth/32;
  38   1              column = myMonth%32;
  39   1              for(i=0;i<row/8;i++)
  40   1              {
  41   2                      rlist = 0xff;
  42   2                      rlist = rlist<<(i*8);
  43   2                      select(rlist,0xffffffff);
  44   2              }
  45   1              rlist=0;        
  46   1              for(i=0;i<(row%8);i++)
  47   1              {
  48   2                      rlist<<=1;
  49   2                      rlist= rlist|0x01;
  50   2              }
  51   1              rlist=rlist<<(row/8*8);
  52   1              select(rlist,0xffffffff);
  53   1              for(i=0;i<column;i++)
  54   1              {
  55   2                      clist<<=1;
C51 COMPILER V8.06   LED                                                                   02/05/2018 13:01:12 PAGE 2   

  56   2                      clist |= 0x01;
  57   2              }
  58   1              rlist=1;
  59   1              rlist<<=row;
  60   1              select(rlist,clist);
  61   1      }
  62          /*
  63          void show(uint signalMonth)     //每次显示半行
  64          {
  65                  uchar row,column,i; 
  66                  ul rlist=0,clist=0; 
  67                  uint myMonth;
  68                  myMonth=signalMonth;
  69                  row = myMonth/32;
  70                  column = myMonth%32;
  71                  for(i=0;i<row;i++)
  72                  {
  73                          rlist=1;
  74                          rlist = rlist<<i;
  75                          select(rlist,0xffff);
  76                          select(rlist,0xffff0000);
  77                  }
  78                  for(i=0;i<column;i++)
  79                  {
  80                          clist<<=1;
  81                          clist |= 0x01;
  82                  }
  83                  rlist=1;
  84                  rlist=rlist<<row;
  85                  select(rlist,clist&0xffff);
  86                  select(rlist,clist&0xffff0000);
  87          
  88          
  89          }
  90          //*/


MODULE INFORMATION:   STATIC OVERLAYABLE
   CODE SIZE        =    531    ----
   CONSTANT SIZE    =   ----    ----
   XDATA SIZE       =   ----    ----
   PDATA SIZE       =   ----    ----
   DATA SIZE        =   ----      19
   IDATA SIZE       =   ----    ----
   BIT SIZE         =   ----    ----
END OF MODULE INFORMATION.


C51 COMPILATION COMPLETE.  0 WARNING(S),  0 ERROR(S)
